-------------------------------------------------------------------------------
Test set: com.demo.Junit5Test
-------------------------------------------------------------------------------
Tests run: 2, Failures: 1, Errors: 0, Skipped: 0, Time elapsed: 0.029 s <<< FAILURE! - in com.demo.Junit5Test
com.demo.Junit5Test.ThirdTest  Time elapsed: 0.003 s  <<< FAILURE!
org.opentest4j.AssertionFailedError: expected: <true> but was: <false>
	at com.demo.Junit5Test.ThirdTest(Junit5Test.java:27)

